2020-05-06 15:07:38,182 - C:\develop\pythonProject\electrivity\20200506\TopoRecognition\Interface\frequencyWindow.py[line:49] - INFO: 幅频页面开始
2020-05-06 15:07:38,189 - C:\develop\pythonProject\electrivity\20200506\TopoRecognition\Interface\delayWindow.py[line:42] - INFO: 时延页面开始
2020-05-06 15:07:38,195 - C:\develop\pythonProject\electrivity\20200506\TopoRecognition\Interface\connectWindow.py[line:42] - INFO: 参数设置页面
2020-05-06 15:07:38,196 - C:\develop\pythonProject\electrivity\20200506\TopoRecognition\Interface\busyWindow.py[line:25] - INFO: 系统繁忙选择页面
2020-05-06 15:07:38,213 - C:/develop/pythonProject/electrivity/20200506/TopoRecognition/Main/main.py[line:363] - INFO: 页面初始化开始
2020-05-06 15:07:39,171 - C:/develop/pythonProject/electrivity/20200506/TopoRecognition/Main/main.py[line:391] - INFO: 页面初始化完成
2020-05-06 15:07:42,182 - C:/develop/pythonProject/electrivity/20200506/TopoRecognition/Main/main.py[line:402] - INFO: 联机开始
2020-05-06 15:07:42,185 - C:\develop\pythonProject\electrivity\20200506\TopoRecognition\SerialCommunication\Serial.py[line:68] - INFO: ('127.0.0.1', 8888)
2020-05-06 15:07:42,186 - C:\develop\pythonProject\electrivity\20200506\TopoRecognition\SerialCommunication\Serial.py[line:789] - INFO: 接收成功
2020-05-06 15:07:42,198 - C:\develop\pythonProject\electrivity\20200506\TopoRecognition\SerialCommunication\Serial.py[line:973] - INFO: 和校验：校验成功

2020-05-06 15:07:42,198 - C:\develop\pythonProject\electrivity\20200506\TopoRecognition\SerialCommunication\Serial.py[line:1254] - INFO: 解析的数据包：(104, 6, 12, 122, 22)
2020-05-06 15:07:42,263 - C:\develop\pythonProject\electrivity\20200506\TopoRecognition\SerialCommunication\Serial.py[line:789] - INFO: 接收成功
2020-05-06 15:07:42,326 - C:\develop\pythonProject\electrivity\20200506\TopoRecognition\SerialCommunication\Serial.py[line:789] - INFO: 接收成功
2020-05-06 15:07:42,326 - C:\develop\pythonProject\electrivity\20200506\TopoRecognition\SerialCommunication\Serial.py[line:973] - INFO: 和校验：校验成功

2020-05-06 15:07:42,326 - C:\develop\pythonProject\electrivity\20200506\TopoRecognition\SerialCommunication\Serial.py[line:1228] - INFO: 解析的数据包：(104, 8, 9, 0, 0, 121, 22)
2020-05-06 15:07:42,326 - C:\develop\pythonProject\electrivity\20200506\TopoRecognition\SerialCommunication\Serial.py[line:1229] - INFO: 解析的数据段：(0, 0)

2020-05-06 15:07:42,326 - C:\develop\pythonProject\electrivity\20200506\TopoRecognition\SerialCommunication\Serial.py[line:1231] - INFO: 系统空闲
2020-05-06 15:07:42,326 - C:\develop\pythonProject\electrivity\20200506\TopoRecognition\SerialCommunication\Serial.py[line:973] - INFO: 和校验：校验成功

2020-05-06 15:07:42,326 - C:\develop\pythonProject\electrivity\20200506\TopoRecognition\SerialCommunication\Serial.py[line:1266] - INFO: 解析的数据包：(104, 9, 13, 1, 0, 127, 22)
2020-05-06 15:07:42,327 - C:\develop\pythonProject\electrivity\20200506\TopoRecognition\SerialCommunication\Serial.py[line:1267] - INFO: 解析的数据段：(1, 0)

2020-05-06 15:07:42,327 - C:\develop\pythonProject\electrivity\20200506\TopoRecognition\SerialCommunication\Serial.py[line:1269] - INFO: 网络建立成功
2020-05-06 15:07:42,327 - C:\develop\pythonProject\electrivity\20200506\TopoRecognition\SerialCommunication\Serial.py[line:1298] - INFO: 已回复
2020-05-06 15:07:42,327 - C:\develop\pythonProject\electrivity\20200506\TopoRecognition\SerialCommunication\Serial.py[line:789] - INFO: 接收成功
2020-05-06 15:07:42,332 - C:\develop\pythonProject\electrivity\20200506\TopoRecognition\SerialCommunication\Serial.py[line:1370] - INFO: 线程1False
2020-05-06 15:07:42,332 - C:\develop\pythonProject\electrivity\20200506\TopoRecognition\SerialCommunication\Serial.py[line:1371] - INFO: 线程2False
2020-05-06 15:07:42,332 - C:\develop\pythonProject\electrivity\20200506\TopoRecognition\SerialCommunication\Serial.py[line:1372] - INFO: 线程3False
2020-05-06 15:07:42,332 - C:\develop\pythonProject\electrivity\20200506\TopoRecognition\SerialCommunication\Serial.py[line:1373] - INFO: 线程4False
2020-05-06 15:07:42,332 - C:\develop\pythonProject\electrivity\20200506\TopoRecognition\SerialCommunication\Serial.py[line:1514] - INFO: 连接建立成功
2020-05-06 15:07:45,290 - C:/develop/pythonProject/electrivity/20200506/TopoRecognition/Main/main.py[line:438] - INFO: 联机完成
